e:\desktop\课程\软件安全课程设计\hust-detours\ourwork\dll1\dll1\x64\debug\dll1.pch
e:\desktop\课程\软件安全课程设计\hust-detours\ourwork\dll1\dll1\x64\debug\vc143.pdb
e:\desktop\课程\软件安全课程设计\hust-detours\ourwork\dll1\dll1\x64\debug\vc143.idb
e:\desktop\课程\软件安全课程设计\hust-detours\ourwork\dll1\dll1\x64\debug\pch.obj
e:\desktop\课程\软件安全课程设计\hust-detours\ourwork\dll1\dll1\x64\debug\dllmain.obj
e:\desktop\课程\软件安全课程设计\src\dll1\x64\debug\dll1.lib
e:\desktop\课程\软件安全课程设计\src\dll1\x64\debug\dll1.exp
e:\desktop\课程\软件安全课程设计\opensource\hust-detours\ourwork\dll1\x64\debug\dll1.lib
e:\desktop\课程\软件安全课程设计\opensource\hust-detours\ourwork\dll1\x64\debug\dll1.exp
e:\desktop\课程\软件安全课程设计\hust-detours\ourwork\dll1\x64\debug\dll1.lib
e:\desktop\课程\软件安全课程设计\hust-detours\ourwork\dll1\x64\debug\dll1.exp
e:\desktop\课程\软件安全课程设计\hust-detours\ourwork\dll1\x64\debug\dll1.dll
e:\desktop\课程\软件安全课程设计\hust-detours\ourwork\dll1\dll1\x64\debug\dll1.ilk
e:\desktop\课程\软件安全课程设计\hust-detours\ourwork\dll1\x64\debug\dll1.pdb
e:\desktop\课程\软件安全课程设计\hust-detours\ourwork\dll1\dll1\x64\debug\dll1.tlog\cl.command.1.tlog
e:\desktop\课程\软件安全课程设计\hust-detours\ourwork\dll1\dll1\x64\debug\dll1.tlog\cl.items.tlog
e:\desktop\课程\软件安全课程设计\hust-detours\ourwork\dll1\dll1\x64\debug\dll1.tlog\cl.read.1.tlog
e:\desktop\课程\软件安全课程设计\hust-detours\ourwork\dll1\dll1\x64\debug\dll1.tlog\cl.write.1.tlog
e:\desktop\课程\软件安全课程设计\hust-detours\ourwork\dll1\dll1\x64\debug\dll1.tlog\link.command.1.tlog
e:\desktop\课程\软件安全课程设计\hust-detours\ourwork\dll1\dll1\x64\debug\dll1.tlog\link.read.1.tlog
e:\desktop\课程\软件安全课程设计\hust-detours\ourwork\dll1\dll1\x64\debug\dll1.tlog\link.write.1.tlog
e:\desktop\课程\软件安全课程设计\hust-detours\ourwork\dll1\dll1\x64\debug\dll1.tlog\link.write.2u.tlog
